[
  {
    "line": 1,
    "elements": [
      {
        "start_timestamp": "2022-11-21T05:08:22.707Z",
        "line": 11,
        "name": "Buat repository dengan benar",
        "description": "",
        "id": "create-repository;buat-repository-dengan-benar;;2",
        "type": "scenario",
        "keyword": "Scenario Outline",
        "steps": [
          {
            "result": {
              "duration": 15152000000,
              "status": "passed"
            },
            "line": 3,
            "name": "User membuat repository",
            "match": {
              "location": "stepDef.BuatRepository.userMembuatRepository()"
            },
            "keyword": "Given "
          },
          {
            "result": {
              "duration": 4335000000,
              "status": "passed"
            },
            "line": 4,
            "name": "User melakukan login dengan dimasagustiawan30@gmail.com dan Kuningan09081999",
            "match": {
              "arguments": [
                {
                  "val": "dimasagustiawan30@gmail.com",
                  "offset": 28
                },
                {
                  "val": "Kuningan09081999",
                  "offset": 60
                }
              ],
              "location": "stepDef.BuatRepository.userMelakukanLogin(java.lang.String,java.lang.String)"
            },
            "keyword": "When "
          },
          {
            "result": {
              "error_message": "org.openqa.selenium.NoSuchElementException: no such element: Unable to locate element: {\"method\":\"css selector\",\"selector\":\"*[name\u003d\u0027repository[name]\u0027]\"}\n  (Session info: chrome\u003d107.0.5304.107)\nFor documentation on this error, please visit: https://www.seleniumhq.org/exceptions/no_such_element.html\nBuild info: version: \u00273.141.59\u0027, revision: \u0027e82be7d358\u0027, time: \u00272018-11-14T08:17:03\u0027\nSystem info: host: \u0027WINDOWS7-PC\u0027, ip: \u0027192.168.90.71\u0027, os.name: \u0027Windows 7\u0027, os.arch: \u0027amd64\u0027, os.version: \u00276.1\u0027, java.version: \u00271.8.0_181\u0027\nDriver info: org.openqa.selenium.chrome.ChromeDriver\nCapabilities {acceptInsecureCerts: false, browserName: chrome, browserVersion: 107.0.5304.107, chrome: {chromedriverVersion: 107.0.5304.62 (1eec40d3a576..., userDataDir: C:\\Users\\windows7\\AppData\\L...}, goog:chromeOptions: {debuggerAddress: localhost:53184}, javascriptEnabled: true, networkConnectionEnabled: false, pageLoadStrategy: normal, platform: WINDOWS, platformName: WINDOWS, proxy: Proxy(), setWindowRect: true, strictFileInteractability: false, timeouts: {implicit: 0, pageLoad: 300000, script: 30000}, unhandledPromptBehavior: dismiss and notify, webauthn:extension:credBlob: true, webauthn:extension:largeBlob: true, webauthn:virtualAuthenticators: true}\nSession ID: 99f12b83d7a3036bff8fb1d662febcc8\n*** Element info: {Using\u003dname, value\u003drepository[name]}\r\n\tat sun.reflect.NativeConstructorAccessorImpl.newInstance0(Native Method)\r\n\tat sun.reflect.NativeConstructorAccessorImpl.newInstance(NativeConstructorAccessorImpl.java:62)\r\n\tat sun.reflect.DelegatingConstructorAccessorImpl.newInstance(DelegatingConstructorAccessorImpl.java:45)\r\n\tat java.lang.reflect.Constructor.newInstance(Constructor.java:423)\r\n\tat org.openqa.selenium.remote.http.W3CHttpResponseCodec.createException(W3CHttpResponseCodec.java:187)\r\n\tat org.openqa.selenium.remote.http.W3CHttpResponseCodec.decode(W3CHttpResponseCodec.java:122)\r\n\tat org.openqa.selenium.remote.http.W3CHttpResponseCodec.decode(W3CHttpResponseCodec.java:49)\r\n\tat org.openqa.selenium.remote.HttpCommandExecutor.execute(HttpCommandExecutor.java:158)\r\n\tat org.openqa.selenium.remote.service.DriverCommandExecutor.execute(DriverCommandExecutor.java:83)\r\n\tat org.openqa.selenium.remote.RemoteWebDriver.execute(RemoteWebDriver.java:552)\r\n\tat org.openqa.selenium.remote.RemoteWebDriver.findElement(RemoteWebDriver.java:323)\r\n\tat org.openqa.selenium.remote.RemoteWebDriver.findElementByName(RemoteWebDriver.java:404)\r\n\tat org.openqa.selenium.By$ByName.findElement(By.java:284)\r\n\tat org.openqa.selenium.remote.RemoteWebDriver.findElement(RemoteWebDriver.java:315)\r\n\tat pages.create_repository.inputRepo(create_repository.java:20)\r\n\tat stepDef.BuatRepository.userInputNamaRepository(BuatRepository.java:41)\r\n\tat ✽.User input nama repository percobaan2(file:///C:/Users/windows7/IdeaProjects/github-test-automation/src/main/resources/Features/CreateRepository.feature:5)\r\n",
              "duration": 38000000,
              "status": "failed"
            },
            "line": 5,
            "name": "User input nama repository percobaan2",
            "match": {
              "arguments": [
                {
                  "val": "percobaan2",
                  "offset": 27
                }
              ],
              "location": "stepDef.BuatRepository.userInputNamaRepository(java.lang.String)"
            },
            "keyword": "And "
          },
          {
            "result": {
              "status": "skipped"
            },
            "line": 6,
            "name": "User mengklik radio button public",
            "match": {
              "location": "stepDef.BuatRepository.userMengklikRadioButtonPublic()"
            },
            "keyword": "And "
          },
          {
            "result": {
              "status": "skipped"
            },
            "line": 7,
            "name": "User mengklik button create repository",
            "match": {
              "location": "stepDef.BuatRepository.userMengklikButtonCreateRepository()"
            },
            "keyword": "And "
          },
          {
            "result": {
              "status": "skipped"
            },
            "line": 8,
            "name": "Menampilkan halaman setup",
            "match": {
              "location": "stepDef.BuatRepository.menampilkanHalamanSetup()"
            },
            "keyword": "Then "
          }
        ]
      },
      {
        "start_timestamp": "2022-11-21T05:08:42.519Z",
        "line": 21,
        "name": "Buat repository tanpa input nama repository",
        "description": "",
        "id": "create-repository;buat-repository-tanpa-input-nama-repository;;2",
        "type": "scenario",
        "keyword": "Scenario Outline",
        "steps": [
          {
            "result": {
              "duration": 22715000000,
              "status": "passed"
            },
            "line": 14,
            "name": "User membuat repository",
            "match": {
              "location": "stepDef.BuatRepository.userMembuatRepository()"
            },
            "keyword": "Given "
          },
          {
            "result": {
              "duration": 2561000000,
              "status": "passed"
            },
            "line": 15,
            "name": "User melakukan login dengan dimasagustiawan30@gmail.com dan Kuningan09081999",
            "match": {
              "arguments": [
                {
                  "val": "dimasagustiawan30@gmail.com",
                  "offset": 28
                },
                {
                  "val": "Kuningan09081999",
                  "offset": 60
                }
              ],
              "location": "stepDef.BuatRepository.userMelakukanLogin(java.lang.String,java.lang.String)"
            },
            "keyword": "When "
          },
          {
            "result": {
              "error_message": "org.openqa.selenium.NoSuchElementException: no such element: Unable to locate element: {\"method\":\"css selector\",\"selector\":\"*[name\u003d\u0027repository[visibility]\u0027]\"}\n  (Session info: chrome\u003d107.0.5304.107)\nFor documentation on this error, please visit: https://www.seleniumhq.org/exceptions/no_such_element.html\nBuild info: version: \u00273.141.59\u0027, revision: \u0027e82be7d358\u0027, time: \u00272018-11-14T08:17:03\u0027\nSystem info: host: \u0027WINDOWS7-PC\u0027, ip: \u0027192.168.90.71\u0027, os.name: \u0027Windows 7\u0027, os.arch: \u0027amd64\u0027, os.version: \u00276.1\u0027, java.version: \u00271.8.0_181\u0027\nDriver info: org.openqa.selenium.chrome.ChromeDriver\nCapabilities {acceptInsecureCerts: false, browserName: chrome, browserVersion: 107.0.5304.107, chrome: {chromedriverVersion: 107.0.5304.62 (1eec40d3a576..., userDataDir: C:\\Users\\windows7\\AppData\\L...}, goog:chromeOptions: {debuggerAddress: localhost:53213}, javascriptEnabled: true, networkConnectionEnabled: false, pageLoadStrategy: normal, platform: WINDOWS, platformName: WINDOWS, proxy: Proxy(), setWindowRect: true, strictFileInteractability: false, timeouts: {implicit: 0, pageLoad: 300000, script: 30000}, unhandledPromptBehavior: dismiss and notify, webauthn:extension:credBlob: true, webauthn:extension:largeBlob: true, webauthn:virtualAuthenticators: true}\nSession ID: 090734393fd466362927f80df747b03e\n*** Element info: {Using\u003dname, value\u003drepository[visibility]}\r\n\tat sun.reflect.NativeConstructorAccessorImpl.newInstance0(Native Method)\r\n\tat sun.reflect.NativeConstructorAccessorImpl.newInstance(NativeConstructorAccessorImpl.java:62)\r\n\tat sun.reflect.DelegatingConstructorAccessorImpl.newInstance(DelegatingConstructorAccessorImpl.java:45)\r\n\tat java.lang.reflect.Constructor.newInstance(Constructor.java:423)\r\n\tat org.openqa.selenium.remote.http.W3CHttpResponseCodec.createException(W3CHttpResponseCodec.java:187)\r\n\tat org.openqa.selenium.remote.http.W3CHttpResponseCodec.decode(W3CHttpResponseCodec.java:122)\r\n\tat org.openqa.selenium.remote.http.W3CHttpResponseCodec.decode(W3CHttpResponseCodec.java:49)\r\n\tat org.openqa.selenium.remote.HttpCommandExecutor.execute(HttpCommandExecutor.java:158)\r\n\tat org.openqa.selenium.remote.service.DriverCommandExecutor.execute(DriverCommandExecutor.java:83)\r\n\tat org.openqa.selenium.remote.RemoteWebDriver.execute(RemoteWebDriver.java:552)\r\n\tat org.openqa.selenium.remote.RemoteWebDriver.findElement(RemoteWebDriver.java:323)\r\n\tat org.openqa.selenium.remote.RemoteWebDriver.findElementByName(RemoteWebDriver.java:404)\r\n\tat org.openqa.selenium.By$ByName.findElement(By.java:284)\r\n\tat org.openqa.selenium.remote.RemoteWebDriver.findElement(RemoteWebDriver.java:315)\r\n\tat pages.create_repository.checkedAccess(create_repository.java:24)\r\n\tat stepDef.BuatRepository.userMengklikRadioButtonPublic(BuatRepository.java:47)\r\n\tat ✽.User mengklik radio button public(file:///C:/Users/windows7/IdeaProjects/github-test-automation/src/main/resources/Features/CreateRepository.feature:16)\r\n",
              "duration": 32000000,
              "status": "failed"
            },
            "line": 16,
            "name": "User mengklik radio button public",
            "match": {
              "location": "stepDef.BuatRepository.userMengklikRadioButtonPublic()"
            },
            "keyword": "And "
          },
          {
            "result": {
              "status": "skipped"
            },
            "line": 17,
            "name": "User mengklik button create repository",
            "match": {
              "location": "stepDef.BuatRepository.userMengklikButtonCreateRepository()"
            },
            "keyword": "And "
          },
          {
            "result": {
              "status": "skipped"
            },
            "line": 18,
            "name": "Menampilkan pesan repository creation failed",
            "match": {
              "location": "stepDef.BuatRepository.menampilkanPesanRepositoryCreationFailed()"
            },
            "keyword": "Then "
          }
        ]
      }
    ],
    "name": "Create Repository",
    "description": "",
    "id": "create-repository",
    "keyword": "Feature",
    "uri": "file:src/main/resources/Features/CreateRepository.feature",
    "tags": []
  },
  {
    "line": 1,
    "elements": [
      {
        "start_timestamp": "2022-11-21T05:09:07.849Z",
        "line": 10,
        "name": "User melakukan login dengan benar",
        "description": "",
        "id": "login;user-melakukan-login-dengan-benar;;2",
        "type": "scenario",
        "keyword": "Scenario Outline",
        "steps": [
          {
            "result": {
              "duration": 20200000000,
              "status": "passed"
            },
            "line": 3,
            "name": "User login ke github",
            "match": {
              "location": "stepDef.Login.userLoginKeGithub()"
            },
            "keyword": "Given "
          },
          {
            "result": {
              "duration": 122000000,
              "status": "passed"
            },
            "line": 4,
            "name": "User input email dimasagustiawan30@gmail.com",
            "match": {
              "arguments": [
                {
                  "val": "dimasagustiawan30@gmail.com",
                  "offset": 17
                }
              ],
              "location": "stepDef.Login.userInputEmail(java.lang.String)"
            },
            "keyword": "When "
          },
          {
            "result": {
              "duration": 141000000,
              "status": "passed"
            },
            "line": 5,
            "name": "User input password Kuningan09081999",
            "match": {
              "arguments": [
                {
                  "val": "Kuningan09081999",
                  "offset": 20
                }
              ],
              "location": "stepDef.Login.userInputPassword(java.lang.String)"
            },
            "keyword": "And "
          },
          {
            "result": {
              "duration": 1601000000,
              "status": "passed"
            },
            "line": 6,
            "name": "User klik button sign in",
            "match": {
              "location": "stepDef.Login.userKlikButtonSignIn()"
            },
            "keyword": "And "
          },
          {
            "result": {
              "error_message": "org.openqa.selenium.NoSuchElementException: no such element: Unable to locate element: {\"method\":\"xpath\",\"selector\":\"/html/body/div[1]/header/div[7]/details/summary/img\"}\n  (Session info: chrome\u003d107.0.5304.107)\nFor documentation on this error, please visit: https://www.seleniumhq.org/exceptions/no_such_element.html\nBuild info: version: \u00273.141.59\u0027, revision: \u0027e82be7d358\u0027, time: \u00272018-11-14T08:17:03\u0027\nSystem info: host: \u0027WINDOWS7-PC\u0027, ip: \u0027192.168.90.71\u0027, os.name: \u0027Windows 7\u0027, os.arch: \u0027amd64\u0027, os.version: \u00276.1\u0027, java.version: \u00271.8.0_181\u0027\nDriver info: org.openqa.selenium.chrome.ChromeDriver\nCapabilities {acceptInsecureCerts: false, browserName: chrome, browserVersion: 107.0.5304.107, chrome: {chromedriverVersion: 107.0.5304.62 (1eec40d3a576..., userDataDir: C:\\Users\\windows7\\AppData\\L...}, goog:chromeOptions: {debuggerAddress: localhost:53242}, javascriptEnabled: true, networkConnectionEnabled: false, pageLoadStrategy: normal, platform: WINDOWS, platformName: WINDOWS, proxy: Proxy(), setWindowRect: true, strictFileInteractability: false, timeouts: {implicit: 0, pageLoad: 300000, script: 30000}, unhandledPromptBehavior: dismiss and notify, webauthn:extension:credBlob: true, webauthn:extension:largeBlob: true, webauthn:virtualAuthenticators: true}\nSession ID: 911ef594acbe41f6e5427c9457cd6ebf\n*** Element info: {Using\u003dxpath, value\u003d/html/body/div[1]/header/div[7]/details/summary/img}\r\n\tat sun.reflect.NativeConstructorAccessorImpl.newInstance0(Native Method)\r\n\tat sun.reflect.NativeConstructorAccessorImpl.newInstance(NativeConstructorAccessorImpl.java:62)\r\n\tat sun.reflect.DelegatingConstructorAccessorImpl.newInstance(DelegatingConstructorAccessorImpl.java:45)\r\n\tat java.lang.reflect.Constructor.newInstance(Constructor.java:423)\r\n\tat org.openqa.selenium.remote.http.W3CHttpResponseCodec.createException(W3CHttpResponseCodec.java:187)\r\n\tat org.openqa.selenium.remote.http.W3CHttpResponseCodec.decode(W3CHttpResponseCodec.java:122)\r\n\tat org.openqa.selenium.remote.http.W3CHttpResponseCodec.decode(W3CHttpResponseCodec.java:49)\r\n\tat org.openqa.selenium.remote.HttpCommandExecutor.execute(HttpCommandExecutor.java:158)\r\n\tat org.openqa.selenium.remote.service.DriverCommandExecutor.execute(DriverCommandExecutor.java:83)\r\n\tat org.openqa.selenium.remote.RemoteWebDriver.execute(RemoteWebDriver.java:552)\r\n\tat org.openqa.selenium.remote.RemoteWebDriver.findElement(RemoteWebDriver.java:323)\r\n\tat org.openqa.selenium.remote.RemoteWebDriver.findElementByXPath(RemoteWebDriver.java:428)\r\n\tat org.openqa.selenium.By$ByXPath.findElement(By.java:353)\r\n\tat org.openqa.selenium.remote.RemoteWebDriver.findElement(RemoteWebDriver.java:315)\r\n\tat pages.login.displayHome(login.java:32)\r\n\tat stepDef.Login.menampilkanHalamanAwalGithub(Login.java:47)\r\n\tat ✽.Menampilkan halaman awal github(file:///C:/Users/windows7/IdeaProjects/github-test-automation/src/main/resources/Features/Login.feature:7)\r\n",
              "duration": 539000000,
              "status": "failed"
            },
            "line": 7,
            "name": "Menampilkan halaman awal github",
            "match": {
              "location": "stepDef.Login.menampilkanHalamanAwalGithub()"
            },
            "keyword": "Then "
          }
        ]
      },
      {
        "start_timestamp": "2022-11-21T05:09:30.476Z",
        "line": 12,
        "name": "User tidak input email dan password",
        "description": "",
        "id": "login;user-tidak-input-email-dan-password",
        "type": "scenario",
        "keyword": "Scenario",
        "steps": [
          {
            "result": {
              "duration": 30335000000,
              "status": "passed"
            },
            "line": 13,
            "name": "User login ke github",
            "match": {
              "location": "stepDef.Login.userLoginKeGithub()"
            },
            "keyword": "Given "
          },
          {
            "result": {
              "duration": 1312000000,
              "status": "passed"
            },
            "line": 14,
            "name": "User klik button sign in",
            "match": {
              "location": "stepDef.Login.userKlikButtonSignIn()"
            },
            "keyword": "When "
          },
          {
            "result": {
              "error_message": "org.junit.ComparisonFailure: expected:\u003c[email required]\u003e but was:\u003c[Incorrect username or password.]\u003e\r\n\tat org.junit.Assert.assertEquals(Assert.java:117)\r\n\tat org.junit.Assert.assertEquals(Assert.java:146)\r\n\tat stepDef.Login.menampilkanPesanEmailHarusTerisi(Login.java:56)\r\n\tat ✽.Menampilkan pesan email harus terisi(file:///C:/Users/windows7/IdeaProjects/github-test-automation/src/main/resources/Features/Login.feature:15)\r\n",
              "duration": 481000000,
              "status": "failed"
            },
            "line": 15,
            "name": "Menampilkan pesan email harus terisi",
            "match": {
              "location": "stepDef.Login.menampilkanPesanEmailHarusTerisi()"
            },
            "keyword": "Then "
          },
          {
            "result": {
              "status": "skipped"
            },
            "line": 16,
            "name": "Menampilkan pesan password harus terisi",
            "match": {
              "location": "stepDef.Login.menampilkanPesanPasswordHarusTerisi()"
            },
            "keyword": "And "
          }
        ]
      },
      {
        "start_timestamp": "2022-11-21T05:10:02.669Z",
        "line": 26,
        "name": "User melakukan login dengan salah",
        "description": "",
        "id": "login;user-melakukan-login-dengan-salah;;2",
        "type": "scenario",
        "keyword": "Scenario Outline",
        "steps": [
          {
            "result": {
              "duration": 59505000000,
              "status": "passed"
            },
            "line": 19,
            "name": "User login ke github",
            "match": {
              "location": "stepDef.Login.userLoginKeGithub()"
            },
            "keyword": "Given "
          },
          {
            "result": {
              "duration": 130000000,
              "status": "passed"
            },
            "line": 20,
            "name": "User input email dimasagustiawan30@gmail.com",
            "match": {
              "arguments": [
                {
                  "val": "dimasagustiawan30@gmail.com",
                  "offset": 17
                }
              ],
              "location": "stepDef.Login.userInputEmail(java.lang.String)"
            },
            "keyword": "When "
          },
          {
            "result": {
              "duration": 172000000,
              "status": "passed"
            },
            "line": 21,
            "name": "User input password Kuningan001999",
            "match": {
              "arguments": [
                {
                  "val": "Kuningan001999",
                  "offset": 20
                }
              ],
              "location": "stepDef.Login.userInputPassword(java.lang.String)"
            },
            "keyword": "And "
          },
          {
            "result": {
              "duration": 1109000000,
              "status": "passed"
            },
            "line": 22,
            "name": "User klik button sign in",
            "match": {
              "location": "stepDef.Login.userKlikButtonSignIn()"
            },
            "keyword": "And "
          },
          {
            "result": {
              "duration": 615000000,
              "status": "passed"
            },
            "line": 23,
            "name": "Menampilkan pesan email atau password salah",
            "match": {
              "location": "stepDef.Login.menampilkanPesanEmailAtauPasswordSalah()"
            },
            "keyword": "Then "
          }
        ]
      }
    ],
    "name": "Login",
    "description": "",
    "id": "login",
    "keyword": "Feature",
    "uri": "file:src/main/resources/Features/Login.feature",
    "tags": []
  },
  {
    "line": 1,
    "elements": [
      {
        "start_timestamp": "2022-11-21T05:11:04.215Z",
        "line": 10,
        "name": "User tidak ada interaksi selama 30 menit",
        "description": "",
        "id": "logout;user-tidak-ada-interaksi-selama-30-menit;;2",
        "type": "scenario",
        "keyword": "Scenario Outline",
        "steps": [
          {
            "result": {
              "duration": 36469000000,
              "status": "passed"
            },
            "line": 4,
            "name": "Buka browser",
            "match": {
              "location": "stepDef.Logout.bukaBrowser()"
            },
            "keyword": "Given "
          },
          {
            "result": {
              "error_message": "java.lang.NullPointerException\r\n\tat stepDef.BuatRepository.userMelakukanLogin(BuatRepository.java:31)\r\n\tat ✽.User melakukan login dengan dimasagustiawan30@gmail.com dan Kuningan09081999(file:///C:/Users/windows7/IdeaProjects/github-test-automation/src/main/resources/Features/Logout.feature:5)\r\n",
              "duration": 3393000000,
              "status": "failed"
            },
            "line": 5,
            "name": "User melakukan login dengan dimasagustiawan30@gmail.com dan Kuningan09081999",
            "match": {
              "arguments": [
                {
                  "val": "dimasagustiawan30@gmail.com",
                  "offset": 28
                },
                {
                  "val": "Kuningan09081999",
                  "offset": 60
                }
              ],
              "location": "stepDef.BuatRepository.userMelakukanLogin(java.lang.String,java.lang.String)"
            },
            "keyword": "When "
          },
          {
            "result": {
              "status": "skipped"
            },
            "line": 6,
            "name": "User tidak melakukan aktivitas selama 30 menit",
            "match": {
              "arguments": [
                {
                  "val": "30",
                  "offset": 38
                }
              ],
              "location": "stepDef.Logout.userTidakMelakukanAktivitasSelamaMenit(int)"
            },
            "keyword": "And "
          },
          {
            "result": {
              "status": "skipped"
            },
            "line": 7,
            "name": "Akun akan logout otomatis",
            "match": {
              "location": "stepDef.Logout.akunAkanLogoutOtomatis()"
            },
            "keyword": "Then "
          }
        ],
        "tags": [
          {
            "name": "@smoke"
          }
        ]
      }
    ],
    "name": "Logout",
    "description": "",
    "id": "logout",
    "keyword": "Feature",
    "uri": "file:src/main/resources/Features/Logout.feature",
    "tags": []
  },
  {
    "line": 1,
    "elements": [
      {
        "start_timestamp": "2022-11-21T05:11:44.093Z",
        "line": 9,
        "name": "Cari repository yang telah dibuat",
        "description": "",
        "id": "search;cari-repository-yang-telah-dibuat;;2",
        "type": "scenario",
        "keyword": "Scenario Outline",
        "steps": [
          {
            "result": {
              "duration": 23776000000,
              "status": "passed"
            },
            "line": 3,
            "name": "Cari repository",
            "match": {
              "location": "stepDef.Search.cariRepository()"
            },
            "keyword": "Given "
          },
          {
            "result": {
              "error_message": "org.openqa.selenium.NoSuchElementException: no such element: Unable to locate element: {\"method\":\"css selector\",\"selector\":\"*[name\u003d\u0027q\u0027]\"}\n  (Session info: chrome\u003d107.0.5304.107)\nFor documentation on this error, please visit: https://www.seleniumhq.org/exceptions/no_such_element.html\nBuild info: version: \u00273.141.59\u0027, revision: \u0027e82be7d358\u0027, time: \u00272018-11-14T08:17:03\u0027\nSystem info: host: \u0027WINDOWS7-PC\u0027, ip: \u0027192.168.90.71\u0027, os.name: \u0027Windows 7\u0027, os.arch: \u0027amd64\u0027, os.version: \u00276.1\u0027, java.version: \u00271.8.0_181\u0027\nDriver info: org.openqa.selenium.chrome.ChromeDriver\nCapabilities {acceptInsecureCerts: false, browserName: chrome, browserVersion: 107.0.5304.107, chrome: {chromedriverVersion: 107.0.5304.62 (1eec40d3a576..., userDataDir: C:\\Users\\windows7\\AppData\\L...}, goog:chromeOptions: {debuggerAddress: localhost:53378}, javascriptEnabled: true, networkConnectionEnabled: false, pageLoadStrategy: normal, platform: WINDOWS, platformName: WINDOWS, proxy: Proxy(), setWindowRect: true, strictFileInteractability: false, timeouts: {implicit: 0, pageLoad: 300000, script: 30000}, unhandledPromptBehavior: dismiss and notify, webauthn:extension:credBlob: true, webauthn:extension:largeBlob: true, webauthn:virtualAuthenticators: true}\nSession ID: c5e2edec3e56b9ca161cf0d01209963b\n*** Element info: {Using\u003dname, value\u003dq}\r\n\tat sun.reflect.NativeConstructorAccessorImpl.newInstance0(Native Method)\r\n\tat sun.reflect.NativeConstructorAccessorImpl.newInstance(NativeConstructorAccessorImpl.java:62)\r\n\tat sun.reflect.DelegatingConstructorAccessorImpl.newInstance(DelegatingConstructorAccessorImpl.java:45)\r\n\tat java.lang.reflect.Constructor.newInstance(Constructor.java:423)\r\n\tat org.openqa.selenium.remote.http.W3CHttpResponseCodec.createException(W3CHttpResponseCodec.java:187)\r\n\tat org.openqa.selenium.remote.http.W3CHttpResponseCodec.decode(W3CHttpResponseCodec.java:122)\r\n\tat org.openqa.selenium.remote.http.W3CHttpResponseCodec.decode(W3CHttpResponseCodec.java:49)\r\n\tat org.openqa.selenium.remote.HttpCommandExecutor.execute(HttpCommandExecutor.java:158)\r\n\tat org.openqa.selenium.remote.service.DriverCommandExecutor.execute(DriverCommandExecutor.java:83)\r\n\tat org.openqa.selenium.remote.RemoteWebDriver.execute(RemoteWebDriver.java:552)\r\n\tat org.openqa.selenium.remote.RemoteWebDriver.findElement(RemoteWebDriver.java:323)\r\n\tat org.openqa.selenium.remote.RemoteWebDriver.findElementByName(RemoteWebDriver.java:404)\r\n\tat org.openqa.selenium.By$ByName.findElement(By.java:284)\r\n\tat org.openqa.selenium.remote.RemoteWebDriver.findElement(RemoteWebDriver.java:315)\r\n\tat pages.search.inputCari(search.java:19)\r\n\tat stepDef.Search.userMengetikanNamaRepository(Search.java:37)\r\n\tat ✽.User mengetikan Dimas-Agustiawan/peminjaman-buku(file:///C:/Users/windows7/IdeaProjects/github-test-automation/src/main/resources/Features/Search.feature:4)\r\n",
              "duration": 30000000,
              "status": "failed"
            },
            "line": 4,
            "name": "User mengetikan Dimas-Agustiawan/peminjaman-buku",
            "match": {
              "arguments": [
                {
                  "val": "Dimas-Agustiawan/peminjaman-buku",
                  "offset": 16
                }
              ],
              "location": "stepDef.Search.userMengetikanNamaRepository(java.lang.String)"
            },
            "keyword": "When "
          },
          {
            "result": {
              "status": "skipped"
            },
            "line": 5,
            "name": "User menekan tombol enter",
            "match": {
              "location": "stepDef.Search.userMenekanTombolEnter()"
            },
            "keyword": "And "
          },
          {
            "result": {
              "status": "skipped"
            },
            "line": 6,
            "name": "Menemukan link menuju ke dalam repository",
            "match": {
              "location": "stepDef.Search.menemukanLinkMenujuKeDalamRepository()"
            },
            "keyword": "Then "
          }
        ]
      }
    ],
    "name": "Search",
    "description": "",
    "id": "search",
    "keyword": "Feature",
    "uri": "file:src/main/resources/Features/Search.feature",
    "tags": []
  }
]